t/00/syntax.n.c.out: In function ‘main’:
t/00/syntax.n.c.out:26:1: error: unknown type name ‘let’
t/00/syntax.n.c.out:26:10: error: expected ‘,’ or ‘;’ before ‘:’ token
t/00/syntax.n.c.out:27:1: error: unknown type name ‘let’
t/00/syntax.n.c.out: At top level:
t/00/syntax.n.c.out:35:1: error: unknown type name ‘string’
t/00/syntax.n.c.out: In function ‘foo’:
t/00/syntax.n.c.out:36:1: warning: return makes integer from pointer without a cast [enabled by default]
t/00/syntax.n.c.out: At top level:
t/00/syntax.n.c.out:39:19: error: expected declaration specifiers or ‘...’ before ‘(’ token
t/00/syntax.n.c.out:41:19: error: expected declaration specifiers or ‘...’ before ‘(’ token
t/00/syntax.n.c.out:45:1: error: unknown type name ‘let’
t/00/syntax.n.c.out:45:10: error: expected ‘:’, ‘,’, ‘;’, ‘}’ or ‘__attribute__’ before ‘=’ token
t/00/syntax.n.c.out:44:8: warning: struct has no members [-pedantic]
t/00/syntax.n.c.out:49:9: error: expected ‘;’, identifier or ‘(’ before ‘struct’
t/00/syntax.n.c.out:51:1: error: unknown type name ‘test’
t/00/syntax.n.c.out:51:13: error: expected ‘=’, ‘,’, ‘;’, ‘asm’ or ‘__attribute__’ before ‘foo’
t/00/syntax.n.c.out:57:12: error: expected declaration specifiers or ‘...’ before ‘(’ token
t/00/syntax.n.c.out:71:1: error: unknown type name ‘let’
t/00/syntax.n.c.out:71:10: error: expected ‘:’, ‘,’, ‘;’, ‘}’ or ‘__attribute__’ before ‘=’ token
t/00/syntax.n.c.out:70:8: warning: struct has no members [-pedantic]
t/00/syntax.n.c.out:77:9: error: expected ‘;’, identifier or ‘(’ before ‘struct’
command exited with 1: gcc -Wall -std=c99 -pedantic -Inlang_site -xc t/00/syntax.n.c.out
